<?xml version="1.0" encoding="UTF-8"?>
<!-- Generated by org.testng.reporters.JUnitReportReporter -->
<testsuite skipped="0" hostname="uiens-MBP" name="test.pages.HomePage" tests="1" failures="0" timestamp="2022-04-02T11:22:36 ICT" time="0.000" errors="0">
  <testcase name="testRecentlyViewProduct" time="0.000" classname="test.pages.HomePage"/>
  <system-out/>
</testsuite> <!-- test.pages.HomePage -->
