<?xml version="1.0" encoding="UTF-8"?>
<!-- Generated by org.testng.reporters.JUnitReportReporter -->
<testsuite skipped="0" hostname="uiens-MBP" name="test.order.StandardComputerBuyingTest" tests="3" failures="0" timestamp="2022-04-02T11:22:36 ICT" time="68.829" errors="0">
  <testcase name="testStandardCompBuying" time="15.340" classname="test.order.StandardComputerBuyingTest"/>
  <system-out/>
  <testcase name="testStandardCompBuying" time="36.758" classname="test.order.StandardComputerBuyingTest"/>
  <system-out/>
  <testcase name="testStandardCompBuying" time="16.731" classname="test.order.StandardComputerBuyingTest"/>
  <system-out/>
</testsuite> <!-- test.order.StandardComputerBuyingTest -->
