<?xml version="1.0" encoding="UTF-8"?>
<!-- Generated by org.testng.reporters.JUnitReportReporter -->
<testsuite skipped="0" hostname="uiens-MBP" name="test.global.HeaderTest" tests="5" failures="0" timestamp="2022-04-02T11:22:36 ICT" time="44.171" errors="0">
  <testcase name="testCategoryPageHeader" time="11.857" classname="test.global.HeaderTest"/>
  <system-out/>
  <testcase name="testHomepageHeader" time="9.014" classname="test.global.HeaderTest"/>
  <system-out/>
  <testcase name="testHomepageHeader_" time="9.122" classname="test.global.HeaderTest"/>
  <system-out/>
  <testcase name="testRegisterPageHeader_" time="8.818" classname="test.global.HeaderTest"/>
  <system-out/>
  <testcase name="testRegisterPageHeader" time="5.360" classname="test.global.HeaderTest"/>
  <system-out/>
</testsuite> <!-- test.global.HeaderTest -->
